d:\geometrylib\geometrylib\geometrylib\x64\debug\vc143.pdb
d:\geometrylib\geometrylib\geometrylib\x64\debug\vc143.idb
d:\geometrylib\geometrylib\geometrylib\x64\debug\dllmain.obj
d:\geometrylib\geometrylib\geometrylib\x64\debug\geometrylib.pch
d:\geometrylib\geometrylib\geometrylib\x64\debug\pch.obj
d:\geometrylib\geometrylib\geometrylib\x64\debug\utils.obj
d:\geometrylib\geometrylib\geometrylib\x64\debug\point.obj
d:\geometrylib\geometrylib\geometrylib\x64\debug\line.obj
d:\geometrylib\geometrylib\geometrylib\x64\debug\intersections.obj
d:\geometrylib\geometrylib\geometrylib\x64\debug\polygon.obj
d:\geometrylib\geometrylib\geometrylib\x64\debug\circle.obj
d:\geometrylib\geometrylib\x64\debug\geometrylib.dll
d:\geometrylib\geometrylib\x64\debug\geometrylib.pdb
d:\geometrylib\geometrylib\geometrylib\x64\debug\geometrylib.ilk
d:\geometrylib\geometrylib\geometrylib\x64\debug\geometrylib.tlog\cl.command.1.tlog
d:\geometrylib\geometrylib\geometrylib\x64\debug\geometrylib.tlog\cl.items.tlog
d:\geometrylib\geometrylib\geometrylib\x64\debug\geometrylib.tlog\cl.read.1.tlog
d:\geometrylib\geometrylib\geometrylib\x64\debug\geometrylib.tlog\cl.write.1.tlog
d:\geometrylib\geometrylib\geometrylib\x64\debug\geometrylib.tlog\link.command.1.tlog
d:\geometrylib\geometrylib\geometrylib\x64\debug\geometrylib.tlog\link.read.1.tlog
d:\geometrylib\geometrylib\geometrylib\x64\debug\geometrylib.tlog\link.secondary.1.tlog
d:\geometrylib\geometrylib\geometrylib\x64\debug\geometrylib.tlog\link.write.1.tlog
